<?xml version="1.0" encoding="UTF-8"?>
<!-- Generated by org.testng.reporters.JUnitXMLReporter -->
<testsuite ignored="4" hostname="DESKTOP-DK9PHP1" failures="0" tests="2" name="Default test" time="23.342" errors="0" timestamp="2024-06-10T16:29:26 EET">
  <testcase classname="MyTestCases" name="mySetUp" time="22.768"/>
  <testcase classname="MyTestCases" name="PriceItem" time="0.502"/>
  <testcase classname="MyTestCases" name="addSomeItemsAgain" time="0.0">
    <ignored/>
  </testcase> <!-- addSomeItemsAgain -->
  <testcase classname="MyTestCases" name="addSomeItems" time="0.0">
    <ignored/>
  </testcase> <!-- addSomeItems -->
  <testcase classname="MyTestCases" name="addAllItems" time="0.0">
    <ignored/>
  </testcase> <!-- addAllItems -->
  <testcase classname="MyTestCases" name="addItemsThatHasLabs" time="0.0">
    <ignored/>
  </testcase> <!-- addItemsThatHasLabs -->
</testsuite> <!-- Default test -->
